<?xml version="1.0" encoding="UTF-8" standalone="no"?>
<testsuite errors="0" failures="0" name="io.cucumber.core.plugin.JUnitFormatter" skipped="0" tests="3" time="4.277">
    <testcase classname="Test Tagged Hooks" name="This is First test" time="0.703">
        <system-out><![CDATA[Given this is the first step................................................passed
When this is the second step................................................passed
Then this is the third step.................................................passed
]]></system-out>
    </testcase>
    <testcase classname="Test Tagged Hooks" name="This is Second test" time="0.102">
        <system-out><![CDATA[Given this is the first step................................................passed
When this is the second step................................................passed
Then this is the third step.................................................passed
]]></system-out>
    </testcase>
    <testcase classname="Test Tagged Hooks" name="This is Third test" time="0.094">
        <system-out><![CDATA[Given this is the first step................................................passed
When this is the second step................................................passed
Then this is the third step.................................................passed
]]></system-out>
    </testcase>
</testsuite>
